{
  "RSpec": {
    "coverage": {
      "/Users/taylormoore/turing/3module/rails_engine/app/helpers/application_helper.rb": [
        1,
        null
      ],
      "/Users/taylormoore/turing/3module/rails_engine/app/controllers/api/v1/customers_controller.rb": [
        1,
        1,
        null,
        1,
        1,
        null,
        null,
        1,
        1,
        null,
        null,
        null
      ],
      "/Users/taylormoore/turing/3module/rails_engine/app/controllers/api/api_controller.rb": [
        1,
        1,
        null
      ],
      "/Users/taylormoore/turing/3module/rails_engine/app/controllers/application_controller.rb": [
        1,
        null,
        null,
        1,
        null
      ],
      "/Users/taylormoore/turing/3module/rails_engine/app/controllers/api/v1/customers/find_controller.rb": [
        1,
        1,
        null,
        1,
        5,
        null,
        null,
        1,
        4,
        null,
        null,
        1,
        null,
        1,
        9,
        null,
        null
      ],
      "/Users/taylormoore/turing/3module/rails_engine/app/controllers/api/v1/customers/invoices_controller.rb": [
        1,
        1,
        null,
        1,
        1,
        null,
        null,
        null
      ],
      "/Users/taylormoore/turing/3module/rails_engine/app/controllers/api/v1/customers/random_controller.rb": [
        1,
        1,
        null,
        1,
        1,
        null,
        null,
        null
      ],
      "/Users/taylormoore/turing/3module/rails_engine/app/controllers/api/v1/customers/transactions_controller.rb": [
        1,
        1,
        null,
        1,
        1,
        null,
        null,
        null
      ],
      "/Users/taylormoore/turing/3module/rails_engine/app/controllers/api/v1/invoices/items_controller.rb": [
        1,
        1,
        null,
        1,
        1,
        null,
        null,
        null
      ],
      "/Users/taylormoore/turing/3module/rails_engine/app/controllers/api/v1/invoices/customer_controller.rb": [
        1,
        1,
        null,
        1,
        1,
        null,
        null,
        null
      ],
      "/Users/taylormoore/turing/3module/rails_engine/app/controllers/api/v1/invoices/invoice_items_controller.rb": [
        1,
        1,
        null,
        1,
        1,
        null,
        null,
        null
      ],
      "/Users/taylormoore/turing/3module/rails_engine/app/controllers/api/v1/invoices_controller.rb": [
        1,
        1,
        null,
        1,
        1,
        null,
        null,
        1,
        1,
        null,
        null,
        null
      ],
      "/Users/taylormoore/turing/3module/rails_engine/app/controllers/api/v1/invoices/find_controller.rb": [
        1,
        1,
        null,
        1,
        6,
        null,
        null,
        1,
        6,
        null,
        null,
        1,
        null,
        1,
        12,
        null,
        null
      ],
      "/Users/taylormoore/turing/3module/rails_engine/app/controllers/api/v1/invoices/random_controller.rb": [
        1,
        1,
        null,
        1,
        1,
        null,
        null,
        null
      ],
      "/Users/taylormoore/turing/3module/rails_engine/app/controllers/api/v1/invoice_items/invoice_controller.rb": [
        1,
        1,
        null,
        1,
        1,
        null,
        null,
        null
      ],
      "/Users/taylormoore/turing/3module/rails_engine/app/controllers/api/v1/invoice_items_controller.rb": [
        1,
        1,
        null,
        1,
        1,
        null,
        null,
        1,
        1,
        null,
        null,
        null
      ],
      "/Users/taylormoore/turing/3module/rails_engine/app/controllers/api/v1/invoice_items/find_controller.rb": [
        1,
        1,
        null,
        1,
        7,
        null,
        null,
        1,
        7,
        null,
        null,
        1,
        null,
        1,
        14,
        null,
        null,
        null
      ],
      "/Users/taylormoore/turing/3module/rails_engine/app/controllers/api/v1/invoice_items/random_controller.rb": [
        1,
        1,
        null,
        1,
        1,
        null,
        null,
        null
      ],
      "/Users/taylormoore/turing/3module/rails_engine/app/controllers/api/v1/invoices/merchant_controller.rb": [
        1,
        1,
        null,
        1,
        1,
        null,
        null,
        null
      ],
      "/Users/taylormoore/turing/3module/rails_engine/app/controllers/api/v1/invoices/transactions_controller.rb": [
        1,
        1,
        null,
        1,
        1,
        null,
        null,
        null
      ],
      "/Users/taylormoore/turing/3module/rails_engine/app/controllers/api/v1/invoice_items/items_controller.rb": [
        1,
        1,
        null,
        1,
        1,
        null,
        null,
        null
      ],
      "/Users/taylormoore/turing/3module/rails_engine/app/controllers/api/v1/items_controller.rb": [
        1,
        1,
        1,
        1,
        null,
        null,
        1,
        1,
        null,
        null,
        null
      ],
      "/Users/taylormoore/turing/3module/rails_engine/app/controllers/api/v1/items/find_controller.rb": [
        1,
        1,
        null,
        1,
        6,
        null,
        null,
        1,
        5,
        null,
        null,
        1,
        null,
        1,
        11,
        null,
        null
      ],
      "/Users/taylormoore/turing/3module/rails_engine/app/controllers/api/v1/items/random_controller.rb": [
        1,
        1,
        null,
        1,
        1,
        null,
        null,
        null
      ],
      "/Users/taylormoore/turing/3module/rails_engine/app/controllers/api/v1/items/invoice_items_controller.rb": [
        1,
        1,
        null,
        1,
        1,
        null,
        null,
        null
      ],
      "/Users/taylormoore/turing/3module/rails_engine/app/controllers/api/v1/items/merchant_controller.rb": [
        1,
        1,
        null,
        1,
        1,
        null,
        null,
        null
      ],
      "/Users/taylormoore/turing/3module/rails_engine/app/controllers/api/v1/merchants_controller.rb": [
        1,
        1,
        null,
        1,
        1,
        null,
        null,
        1,
        1,
        null,
        null,
        null
      ],
      "/Users/taylormoore/turing/3module/rails_engine/app/controllers/api/v1/merchants/find_controller.rb": [
        1,
        1,
        null,
        1,
        4,
        null,
        null,
        1,
        4,
        null,
        null,
        1,
        null,
        1,
        8,
        null,
        null,
        null
      ],
      "/Users/taylormoore/turing/3module/rails_engine/app/controllers/api/v1/merchants/invoices_controller.rb": [
        1,
        1,
        null,
        1,
        1,
        null,
        null,
        null
      ],
      "/Users/taylormoore/turing/3module/rails_engine/app/controllers/api/v1/merchants/items_controller.rb": [
        1,
        1,
        null,
        1,
        1,
        null,
        null,
        null
      ],
      "/Users/taylormoore/turing/3module/rails_engine/app/controllers/api/v1/merchants/random_controller.rb": [
        1,
        1,
        null,
        1,
        1,
        null,
        null,
        null
      ],
      "/Users/taylormoore/turing/3module/rails_engine/app/controllers/api/v1/merchants/pending_controller.rb": [
        1,
        1,
        null,
        1,
        1,
        1,
        null,
        null,
        1,
        null,
        1,
        2,
        null,
        null
      ],
      "/Users/taylormoore/turing/3module/rails_engine/app/controllers/api/v1/merchants/revenue_controller.rb": [
        1,
        1,
        null,
        1,
        1,
        1,
        null,
        null,
        1,
        1,
        1,
        null,
        null
      ],
      "/Users/taylormoore/turing/3module/rails_engine/app/controllers/api/v1/transactions/random_controller.rb": [
        1,
        1,
        null,
        1,
        1,
        null,
        null,
        null
      ],
      "/Users/taylormoore/turing/3module/rails_engine/app/controllers/api/v1/transactions_controller.rb": [
        1,
        1,
        null,
        1,
        1,
        null,
        null,
        1,
        1,
        null,
        null,
        null
      ],
      "/Users/taylormoore/turing/3module/rails_engine/app/controllers/api/v1/transactions/find_controller.rb": [
        1,
        1,
        null,
        1,
        6,
        null,
        null,
        1,
        6,
        null,
        null,
        1,
        null,
        1,
        12,
        null,
        null,
        null
      ],
      "/Users/taylormoore/turing/3module/rails_engine/app/controllers/api/v1/transactions/invoice_controller.rb": [
        1,
        1,
        null,
        1,
        1,
        null,
        null,
        null
      ],
      "/Users/taylormoore/turing/3module/rails_engine/app/models/merchant.rb": [
        1,
        1,
        1,
        1,
        1,
        null,
        1,
        3,
        null,
        2,
        null,
        null,
        1,
        null,
        null,
        null,
        1,
        2,
        null,
        null
      ],
      "/Users/taylormoore/turing/3module/rails_engine/app/models/customer.rb": [
        1,
        1,
        1,
        null,
        1,
        2,
        null,
        null
      ],
      "/Users/taylormoore/turing/3module/rails_engine/app/models/invoice.rb": [
        1,
        1,
        1,
        1,
        1,
        1,
        null,
        1,
        6,
        null,
        null,
        1,
        null,
        null,
        2,
        null,
        null,
        1,
        2,
        null,
        null
      ],
      "/Users/taylormoore/turing/3module/rails_engine/app/models/transaction.rb": [
        1,
        1,
        null
      ],
      "/Users/taylormoore/turing/3module/rails_engine/app/serializers/transaction_serializer.rb": [
        1,
        1,
        null,
        null,
        null,
        null,
        null,
        null,
        null
      ],
      "/Users/taylormoore/turing/3module/rails_engine/app/models/invoice_item.rb": [
        1,
        1,
        1,
        null
      ],
      "/Users/taylormoore/turing/3module/rails_engine/app/models/item.rb": [
        1,
        1,
        1,
        null
      ],
      "/Users/taylormoore/turing/3module/rails_engine/app/controllers/api/v1/customers/favorite_controller.rb": [
        0,
        0,
        0,
        0,
        0,
        0,
        0,
        0,
        0
      ],
      "/Users/taylormoore/turing/3module/rails_engine/app/controllers/api/v1/merchants/favorite_controller.rb": [
        0,
        0,
        0,
        0,
        0,
        0,
        0,
        0
      ]
    },
    "timestamp": 1456416605
  }
}
